<?xml version="1.0" encoding="UTF-8"?>
<!-- Generated by org.testng.reporters.JUnitReportReporter -->
<testsuite hostname="LAPTOP-E1C5FRAO" failures="0" tests="1" name="Tests.TestDetails" time="6.932" errors="0" timestamp="2023-08-24T17:14:18 IST" skipped="0">
  <testcase classname="Tests.TestDetails" name="testactivity3" time="6.932"/>
</testsuite> <!-- Tests.TestDetails -->
